
2026-01-06 00:04:27.104 T:6180     info <general>: Loading skin file: Custom_1110_TVShows_Hub.xml, load type: KEEP_IN_MEMORY
2026-01-06 00:04:27.133 T:6180  warning <general>: Trying to add unsupported control type 7
2026-01-06 00:05:00.164 T:23248    info <general>: Skipped 44 duplicate messages..
2026-01-06 00:05:00.164 T:23248   error <general>: [AIOStreams] Trakt API error: 429 Client Error: Too Many Requests for url: https://api.trakt.tv/sync/watched/shows?page=430&limit=100
2026-01-06 00:05:00.534 T:28184    info <general>: Skipped 1 duplicate messages..
2026-01-06 00:05:00.534 T:28184   error <general>: [AIOStreams] Trakt API error: 429 Client Error: Too Many Requests for url: https://api.trakt.tv/shows/tt37146661/progress/watched
2026-01-06 00:05:01.553 T:28184    info <general>: Skipped 1 duplicate messages..
2026-01-06 00:05:01.553 T:28184   error <general>: [AIOStreams] Trakt API error: 429 Client Error: Too Many Requests for url: https://api.trakt.tv/shows/tt3914054/progress/watched
2026-01-06 00:05:02.523 T:28184    info <general>: Skipped 1 duplicate messages..
2026-01-06 00:05:02.523 T:28184   error <general>: [AIOStreams] Trakt API error: 429 Client Error: Too Many Requests for url: https://api.trakt.tv/shows/tt36770974/progress/watched
2026-01-06 00:05:03.456 T:28184    info <general>: Skipped 1 duplicate messages..
2026-01-06 00:05:03.456 T:28184   error <general>: [AIOStreams] Trakt API error: 429 Client Error: Too Many Requests for url: https://api.trakt.tv/shows/tt32361930/progress/watched
2026-01-06 00:05:45.698 T:23248    info <general>: Skipped 1 duplicate messages..
2026-01-06 00:05:45.698 T:23248   error <general>: [AIOStreams] Trakt API error: 429 Client Error: Too Many Requests for url: https://api.trakt.tv/users/hidden/progress_watched?page=1&limit=100
2026-01-06 00:05:45.699 T:23248    info <general>: [AIOStreams] get_hidden_shows() fetched 0 Trakt IDs from 1 page(s), caching with incremental sync support
2026-01-06 00:05:45.702 T:20752   error <general>: [AIOStreams] Trakt API error: 429 Client Error: Too Many Requests for url: https://api.trakt.tv/users/hidden/progress_watched?page=1&limit=100
2026-01-06 00:05:45.702 T:20752    info <general>: [AIOStreams] get_hidden_shows() fetched 0 Trakt IDs from 1 page(s), caching with incremental sync support
2026-01-06 00:05:45.763 T:23248    info <general>: [AIOStreams] Next Up: Filtered out 0 hidden shows, 51909 active shows remaining
2026-01-06 00:05:45.819 T:14520    info <general>: Skipped 1 duplicate messages..
2026-01-06 00:05:45.819 T:14520   error <general>: [AIOStreams] Trakt API error: 429 Client Error: Too Many Requests for url: https://api.trakt.tv/shows/tt33298903/progress/watched
2026-01-06 00:05:45.895 T:23248   error <general>: [AIOStreams] Trakt API error: 429 Client Error: Too Many Requests for url: https://api.trakt.tv/shows/181835/progress/watched
2026-01-06 00:05:45.922 T:14520    info <general>: Skipped 1 duplicate messages..
2026-01-06 00:05:45.922 T:14520   error <general>: [AIOStreams] Trakt API error: 429 Client Error: Too Many Requests for url: https://api.trakt.tv/shows/tt33298903/progress/watched
2026-01-06 00:05:45.951 T:23248   error <general>: [AIOStreams] Trakt API error: 429 Client Error: Too Many Requests for url: https://api.trakt.tv/shows/181835/progress/watched
2026-01-06 00:05:45.989 T:14520    info <general>: Skipped 1 duplicate messages..
2026-01-06 00:05:45.989 T:14520   error <general>: [AIOStreams] Trakt API error: 429 Client Error: Too Many Requests for url: https://api.trakt.tv/sync/watchlist/shows
2026-01-06 00:05:46.020 T:23248   error <general>: [AIOStreams] Trakt API error: 429 Client Error: Too Many Requests for url: https://api.trakt.tv/shows/181835/progress/watched
2026-01-06 00:05:46.071 T:14520    info <general>: Skipped 1 duplicate messages..
2026-01-06 00:05:46.071 T:14520   error <general>: [AIOStreams] Trakt API error: 429 Client Error: Too Many Requests for url: https://api.trakt.tv/shows/tt38673133/progress/watched
2026-01-06 00:05:46.076 T:23248   error <general>: [AIOStreams] Trakt API error: 429 Client Error: Too Many Requests for url: https://api.trakt.tv/shows/181835/progress/watched
2026-01-06 00:05:46.146 T:14520    info <general>: Skipped 2 duplicate messages..
2026-01-06 00:05:46.146 T:14520   error <general>: [AIOStreams] Trakt API error: 429 Client Error: Too Many Requests for url: https://api.trakt.tv/shows/tt38673133/progress/watched
2026-01-06 00:05:46.172 T:20752   error <general>: [AIOStreams] Trakt API error: 429 Client Error: Too Many Requests for url: https://api.trakt.tv/shows/181835/progress/watched
2026-01-06 00:05:46.225 T:14520    info <general>: Skipped 1 duplicate messages..
2026-01-06 00:05:46.225 T:14520   error <general>: [AIOStreams] Trakt API error: 429 Client Error: Too Many Requests for url: https://api.trakt.tv/sync/watchlist/shows
2026-01-06 00:05:46.239 T:20752   error <general>: [AIOStreams] Trakt API error: 429 Client Error: Too Many Requests for url: https://api.trakt.tv/shows/181835/progress/watched
2026-01-06 00:05:46.295 T:14520    info <general>: Skipped 1 duplicate messages..
2026-01-06 00:05:46.295 T:14520   error <general>: [AIOStreams] Trakt API error: 429 Client Error: Too Many Requests for url: https://api.trakt.tv/shows/tt38776655/progress/watched
2026-01-06 00:05:46.296 T:20752   error <general>: [AIOStreams] Trakt API error: 429 Client Error: Too Many Requests for url: https://api.trakt.tv/shows/181835/progress/watched
2026-01-06 00:05:46.370 T:14520    info <general>: Skipped 2 duplicate messages..
2026-01-06 00:05:46.370 T:14520   error <general>: [AIOStreams] Trakt API error: 429 Client Error: Too Many Requests for url: https://api.trakt.tv/shows/tt38776655/progress/watched
2026-01-06 00:05:46.414 T:23248   error <general>: [AIOStreams] Trakt API error: 429 Client Error: Too Many Requests for url: https://api.trakt.tv/shows/181835/progress/watched
2026-01-06 00:05:46.439 T:14520    info <general>: Skipped 1 duplicate messages..
2026-01-06 00:05:46.439 T:14520   error <general>: [AIOStreams] Trakt API error: 429 Client Error: Too Many Requests for url: https://api.trakt.tv/sync/watchlist/shows
2026-01-06 00:05:46.480 T:23248   error <general>: [AIOStreams] Trakt API error: 429 Client Error: Too Many Requests for url: https://api.trakt.tv/shows/181835/progress/watched
2026-01-06 00:05:46.513 T:14520    info <general>: Skipped 1 duplicate messages..
2026-01-06 00:05:46.513 T:14520   error <general>: [AIOStreams] Trakt API error: 429 Client Error: Too Many Requests for url: https://api.trakt.tv/shows/tt38691521/progress/watched
2026-01-06 00:05:46.547 T:23248   error <general>: [AIOStreams] Trakt API error: 429 Client Error: Too Many Requests for url: https://api.trakt.tv/shows/181835/progress/watched
2026-01-06 00:05:46.585 T:14520    info <general>: Skipped 1 duplicate messages..
2026-01-06 00:05:46.585 T:14520   error <general>: [AIOStreams] Trakt API error: 429 Client Error: Too Many Requests for url: https://api.trakt.tv/shows/tt38691521/progress/watched
2026-01-06 00:05:46.614 T:23248   error <general>: [AIOStreams] Trakt API error: 429 Client Error: Too Many Requests for url: https://api.trakt.tv/shows/181835/progress/watched
2026-01-06 00:05:46.654 T:14520    info <general>: Skipped 1 duplicate messages..
2026-01-06 00:05:46.654 T:14520   error <general>: [AIOStreams] Trakt API error: 429 Client Error: Too Many Requests for url: https://api.trakt.tv/sync/watchlist/shows
2026-01-06 00:05:46.682 T:23248   error <general>: [AIOStreams] Trakt API error: 429 Client Error: Too Many Requests for url: https://api.trakt.tv/shows/181835/progress/watched
2026-01-06 00:05:46.723 T:14520    info <general>: Skipped 1 duplicate messages..
2026-01-06 00:05:46.723 T:14520   error <general>: [AIOStreams] Trakt API error: 429 Client Error: Too Many Requests for url: https://api.trakt.tv/shows/tt36188448/progress/watched
2026-01-06 00:05:46.737 T:23248   error <general>: [AIOStreams] Trakt API error: 429 Client Error: Too Many Requests for url: https://api.trakt.tv/shows/181835/progress/watched
2026-01-06 00:05:46.792 T:14520    info <general>: Skipped 2 duplicate messages..
2026-01-06 00:05:46.792 T:14520   error <general>: [AIOStreams] Trakt API error: 429 Client Error: Too Many Requests for url: https://api.trakt.tv/shows/tt36188448/progress/watched
2026-01-06 00:05:46.834 T:20752   error <general>: [AIOStreams] Trakt API error: 429 Client Error: Too Many Requests for url: https://api.trakt.tv/shows/181835/progress/watched
2026-01-06 00:05:46.872 T:14520    info <general>: Skipped 1 duplicate messages..
2026-01-06 00:05:46.872 T:14520   error <general>: [AIOStreams] Trakt API error: 429 Client Error: Too Many Requests for url: https://api.trakt.tv/sync/watchlist/shows
2026-01-06 00:05:46.898 T:20752   error <general>: [AIOStreams] Trakt API error: 429 Client Error: Too Many Requests for url: https://api.trakt.tv/shows/181835/progress/watched
2026-01-06 00:05:46.944 T:14520    info <general>: Skipped 1 duplicate messages..
2026-01-06 00:05:46.944 T:14520   error <general>: [AIOStreams] Trakt API error: 429 Client Error: Too Many Requests for url: https://api.trakt.tv/shows/tt32151286/progress/watched
2026-01-06 00:05:46.970 T:20752   error <general>: [AIOStreams] Trakt API error: 429 Client Error: Too Many Requests for url: https://api.trakt.tv/shows/181835/progress/watched
2026-01-06 00:05:47.020 T:14520    info <general>: Skipped 1 duplicate messages..
2026-01-06 00:05:47.020 T:14520   error <general>: [AIOStreams] Trakt API error: 429 Client Error: Too Many Requests for url: https://api.trakt.tv/shows/tt32151286/progress/watched
2026-01-06 00:05:47.043 T:20752   error <general>: [AIOStreams] Trakt API error: 429 Client Error: Too Many Requests for url: https://api.trakt.tv/shows/181835/progress/watched
2026-01-06 00:05:47.078 T:14520    info <general>: Skipped 1 duplicate messages..
2026-01-06 00:05:47.078 T:14520   error <general>: [AIOStreams] Trakt API error: 429 Client Error: Too Many Requests for url: https://api.trakt.tv/sync/watchlist/shows
2026-01-06 00:05:47.111 T:20752   error <general>: [AIOStreams] Trakt API error: 429 Client Error: Too Many Requests for url: https://api.trakt.tv/shows/181835/progress/watched
2026-01-06 00:05:47.150 T:14520    info <general>: Skipped 1 duplicate messages..
2026-01-06 00:05:47.149 T:14520   error <general>: [AIOStreams] Trakt API error: 429 Client Error: Too Many Requests for url: https://api.trakt.tv/shows/tt34779099/progress/watched
2026-01-06 00:05:47.165 T:20752   error <general>: [AIOStreams] Trakt API error: 429 Client Error: Too Many Requests for url: https://api.trakt.tv/shows/181835/progress/watched
2026-01-06 00:05:47.240 T:14520    info <general>: Skipped 2 duplicate messages..
2026-01-06 00:05:47.240 T:14520   error <general>: [AIOStreams] Trakt API error: 429 Client Error: Too Many Requests for url: https://api.trakt.tv/shows/tt34779099/progress/watched
2026-01-06 00:05:47.261 T:23248   error <general>: [AIOStreams] Trakt API error: 429 Client Error: Too Many Requests for url: https://api.trakt.tv/shows/181835/progress/watched
2026-01-06 00:05:47.306 T:14520   error <general>: [AIOStreams] Trakt API error: 429 Client Error: Too Many Requests for url: https://api.trakt.tv/sync/watchlist/shows
2026-01-06 00:05:47.307 T:20752   error <general>: [AIOStreams] Trakt API error: 429 Client Error: Too Many Requests for url: https://api.trakt.tv/shows/181835/progress/watched
2026-01-06 00:05:47.392 T:14520    info <general>: Skipped 2 duplicate messages..
2026-01-06 00:05:47.391 T:14520   error <general>: [AIOStreams] Trakt API error: 429 Client Error: Too Many Requests for url: https://api.trakt.tv/shows/tt23772966/progress/watched
2026-01-06 00:05:47.410 T:23248   error <general>: [AIOStreams] Trakt API error: 429 Client Error: Too Many Requests for url: https://api.trakt.tv/shows/181835/progress/watched
2026-01-06 00:05:47.466 T:14520    info <general>: Skipped 1 duplicate messages..
2026-01-06 00:05:47.466 T:14520   error <general>: [AIOStreams] Trakt API error: 429 Client Error: Too Many Requests for url: https://api.trakt.tv/shows/tt23772966/progress/watched
2026-01-06 00:05:47.480 T:23248   error <general>: [AIOStreams] Trakt API error: 429 Client Error: Too Many Requests for url: https://api.trakt.tv/shows/181835/progress/watched
2026-01-06 00:05:47.537 T:14520    info <general>: Skipped 1 duplicate messages..
2026-01-06 00:05:47.537 T:14520   error <general>: [AIOStreams] Trakt API error: 429 Client Error: Too Many Requests for url: https://api.trakt.tv/sync/watchlist/shows
2026-01-06 00:05:47.548 T:23248   error <general>: [AIOStreams] Trakt API error: 429 Client Error: Too Many Requests for url: https://api.trakt.tv/shows/181835/progress/watched
2026-01-06 00:05:47.614 T:14520    info <general>: Skipped 2 duplicate messages..
2026-01-06 00:05:47.614 T:14520   error <general>: [AIOStreams] Trakt API error: 429 Client Error: Too Many Requests for url: https://api.trakt.tv/shows/tt19853270/progress/watched
2026-01-06 00:05:47.636 T:20752   error <general>: [AIOStreams] Trakt API error: 429 Client Error: Too Many Requests for url: https://api.trakt.tv/shows/181835/progress/watched
2026-01-06 00:05:47.693 T:14520    info <general>: Skipped 1 duplicate messages..
2026-01-06 00:05:47.693 T:14520   error <general>: [AIOStreams] Trakt API error: 429 Client Error: Too Many Requests for url: https://api.trakt.tv/shows/tt19853270/progress/watched
2026-01-06 00:05:47.697 T:20752   error <general>: [AIOStreams] Trakt API error: 429 Client Error: Too Many Requests for url: https://api.trakt.tv/shows/181835/progress/watched
2026-01-06 00:05:47.763 T:14520    info <general>: Skipped 2 duplicate messages..
2026-01-06 00:05:47.763 T:14520   error <general>: [AIOStreams] Trakt API error: 429 Client Error: Too Many Requests for url: https://api.trakt.tv/sync/watchlist/shows
2026-01-06 00:05:47.816 T:23248   error <general>: [AIOStreams] Trakt API error: 429 Client Error: Too Many Requests for url: https://api.trakt.tv/shows/181835/progress/watched
2026-01-06 00:05:47.830 T:14520    info <general>: Skipped 1 duplicate messages..
2026-01-06 00:05:47.830 T:14520   error <general>: [AIOStreams] Trakt API error: 429 Client Error: Too Many Requests for url: https://api.trakt.tv/shows/tt38220632/progress/watched
2026-01-06 00:05:47.882 T:23248   error <general>: [AIOStreams] Trakt API error: 429 Client Error: Too Many Requests for url: https://api.trakt.tv/shows/181835/progress/watched
2026-01-06 00:05:47.895 T:14520    info <general>: Skipped 1 duplicate messages..
2026-01-06 00:05:47.895 T:14520   error <general>: [AIOStreams] Trakt API error: 429 Client Error: Too Many Requests for url: https://api.trakt.tv/shows/tt38220632/progress/watched
2026-01-06 00:05:47.942 T:23248   error <general>: [AIOStreams] Trakt API error: 429 Client Error: Too Many Requests for url: https://api.trakt.tv/shows/181835/progress/watched
2026-01-06 00:05:47.966 T:14520    info <general>: Skipped 1 duplicate messages..
2026-01-06 00:05:47.966 T:14520   error <general>: [AIOStreams] Trakt API error: 429 Client Error: Too Many Requests for url: https://api.trakt.tv/sync/watchlist/shows
2026-01-06 00:05:48.016 T:23248   error <general>: [AIOStreams] Trakt API error: 429 Client Error: Too Many Requests for url: https://api.trakt.tv/shows/181835/progress/watched
2026-01-06 00:05:48.049 T:14520    info <general>: Skipped 1 duplicate messages..
2026-01-06 00:05:48.049 T:14520   error <general>: [AIOStreams] Trakt API error: 429 Client Error: Too Many Requests for url: https://api.trakt.tv/shows/tt33550053/progress/watched
2026-01-06 00:05:48.078 T:23248   error <general>: [AIOStreams] Trakt API error: 429 Client Error: Too Many Requests for url: https://api.trakt.tv/shows/181835/progress/watched
2026-01-06 00:05:48.109 T:14520    info <general>: Skipped 1 duplicate messages..
2026-01-06 00:05:48.109 T:14520   error <general>: [AIOStreams] Trakt API error: 429 Client Error: Too Many Requests for url: https://api.trakt.tv/shows/tt33550053/progress/watched
2026-01-06 00:05:48.141 T:23248   error <general>: [AIOStreams] Trakt API error: 429 Client Error: Too Many Requests for url: https://api.trakt.tv/shows/181835/progress/watched
2026-01-06 00:05:48.175 T:14520    info <general>: Skipped 1 duplicate messages..
2026-01-06 00:05:48.175 T:14520   error <general>: [AIOStreams] Trakt API error: 429 Client Error: Too Many Requests for url: https://api.trakt.tv/sync/watchlist/shows
2026-01-06 00:05:48.210 T:23248   error <general>: [AIOStreams] Trakt API error: 429 Client Error: Too Many Requests for url: https://api.trakt.tv/shows/181835/progress/watched
2026-01-06 00:05:48.244 T:14520    info <general>: Skipped 1 duplicate messages..
2026-01-06 00:05:48.244 T:14520   error <general>: [AIOStreams] Trakt API error: 429 Client Error: Too Many Requests for url: https://api.trakt.tv/shows/tt31844356/progress/watched
2026-01-06 00:05:48.265 T:23248   error <general>: [AIOStreams] Trakt API error: 429 Client Error: Too Many Requests for url: https://api.trakt.tv/shows/181835/progress/watched
2026-01-06 00:05:48.308 T:14520    info <general>: Skipped 1 duplicate messages..
2026-01-06 00:05:48.308 T:14520   error <general>: [AIOStreams] Trakt API error: 429 Client Error: Too Many Requests for url: https://api.trakt.tv/shows/tt31844356/progress/watched
2026-01-06 00:05:48.336 T:23248   error <general>: [AIOStreams] Trakt API error: 429 Client Error: Too Many Requests for url: https://api.trakt.tv/shows/181835/progress/watched
2026-01-06 00:05:48.371 T:14520    info <general>: Skipped 1 duplicate messages..
2026-01-06 00:05:48.371 T:14520   error <general>: [AIOStreams] Trakt API error: 429 Client Error: Too Many Requests for url: https://api.trakt.tv/sync/watchlist/shows
2026-01-06 00:05:48.403 T:23248   error <general>: [AIOStreams] Trakt API error: 429 Client Error: Too Many Requests for url: https://api.trakt.tv/shows/181835/progress/watched
2026-01-06 00:05:48.457 T:14520    info <general>: Skipped 1 duplicate messages..
2026-01-06 00:05:48.457 T:14520   error <general>: [AIOStreams] Trakt API error: 429 Client Error: Too Many Requests for url: https://api.trakt.tv/shows/tt31522591/progress/watched
2026-01-06 00:05:48.475 T:23248   error <general>: [AIOStreams] Trakt API error: 429 Client Error: Too Many Requests for url: https://api.trakt.tv/shows/181835/progress/watched
2026-01-06 00:05:48.536 T:14520    info <general>: Skipped 1 duplicate messages..
2026-01-06 00:05:48.536 T:14520   error <general>: [AIOStreams] Trakt API error: 429 Client Error: Too Many Requests for url: https://api.trakt.tv/shows/tt31522591/progress/watched
2026-01-06 00:05:48.540 T:23248   error <general>: [AIOStreams] Trakt API error: 429 Client Error: Too Many Requests for url: https://api.trakt.tv/shows/181835/progress/watched
2026-01-06 00:05:48.596 T:14520    info <general>: Skipped 1 duplicate messages..
2026-01-06 00:05:48.596 T:14520   error <general>: [AIOStreams] Trakt API error: 429 Client Error: Too Many Requests for url: https://api.trakt.tv/sync/watchlist/shows
2026-01-06 00:05:48.598 T:23248   error <general>: [AIOStreams] Trakt API error: 429 Client Error: Too Many Requests for url: https://api.trakt.tv/shows/181835/progress/watched
2026-01-06 00:05:48.665 T:14520    info <general>: Skipped 1 duplicate messages..
2026-01-06 00:05:48.665 T:14520   error <general>: [AIOStreams] Trakt API error: 429 Client Error: Too Many Requests for url: https://api.trakt.tv/shows/tt37542748/progress/watched
2026-01-06 00:05:48.668 T:23248   error <general>: [AIOStreams] Trakt API error: 429 Client Error: Too Many Requests for url: https://api.trakt.tv/shows/181835/progress/watched
2026-01-06 00:05:48.733 T:14520    info <general>: Skipped 2 duplicate messages..
2026-01-06 00:05:48.733 T:14520   error <general>: [AIOStreams] Trakt API error: 429 Client Error: Too Many Requests for url: https://api.trakt.tv/shows/tt37542748/progress/watched
2026-01-06 00:05:48.759 T:20752   error <general>: [AIOStreams] Trakt API error: 429 Client Error: Too Many Requests for url: https://api.trakt.tv/shows/181835/progress/watched
2026-01-06 00:05:48.790 T:14520    info <general>: Skipped 1 duplicate messages..
2026-01-06 00:05:48.789 T:14520   error <general>: [AIOStreams] Trakt API error: 429 Client Error: Too Many Requests for url: https://api.trakt.tv/sync/watchlist/shows
2026-01-06 00:05:48.825 T:20752   error <general>: [AIOStreams] Trakt API error: 429 Client Error: Too Many Requests for url: https://api.trakt.tv/shows/181835/progress/watched
2026-01-06 00:05:48.870 T:14520    info <general>: Skipped 1 duplicate messages..
2026-01-06 00:05:48.870 T:14520   error <general>: [AIOStreams] Trakt API error: 429 Client Error: Too Many Requests for url: https://api.trakt.tv/shows/tt31472425/progress/watched
2026-01-06 00:05:48.897 T:20752   error <general>: [AIOStreams] Trakt API error: 429 Client Error: Too Many Requests for url: https://api.trakt.tv/shows/181835/progress/watched
2026-01-06 00:05:48.967 T:14520    info <general>: Skipped 2 duplicate messages..
2026-01-06 00:05:48.967 T:14520   error <general>: [AIOStreams] Trakt API error: 429 Client Error: Too Many Requests for url: https://api.trakt.tv/shows/tt31472425/progress/watched
2026-01-06 00:05:48.974 T:23248   error <general>: [AIOStreams] Trakt API error: 429 Client Error: Too Many Requests for url: https://api.trakt.tv/shows/181835/progress/watched
2026-01-06 00:05:49.038 T:14520    info <general>: Skipped 1 duplicate messages..
2026-01-06 00:05:49.038 T:14520   error <general>: [AIOStreams] Trakt API error: 429 Client Error: Too Many Requests for url: https://api.trakt.tv/sync/watchlist/shows
2026-01-06 00:05:49.040 T:23248   error <general>: [AIOStreams] Trakt API error: 429 Client Error: Too Many Requests for url: https://api.trakt.tv/shows/181835/progress/watched
2026-01-06 00:05:49.114 T:14520    info <general>: Skipped 2 duplicate messages..
2026-01-06 00:05:49.114 T:14520   error <general>: [AIOStreams] Trakt API error: 429 Client Error: Too Many Requests for url: https://api.trakt.tv/shows/tt11382826/progress/watched
2026-01-06 00:05:49.176 T:23248    info <general>: Skipped 1 duplicate messages..
2026-01-06 00:05:49.176 T:23248   error <general>: [AIOStreams] Trakt API error: 429 Client Error: Too Many Requests for url: https://api.trakt.tv/shows/181835/progress/watched
2026-01-06 00:05:49.248 T:14520    info <general>: Skipped 3 duplicate messages..
2026-01-06 00:05:49.248 T:14520   error <general>: [AIOStreams] Trakt API error: 429 Client Error: Too Many Requests for url: https://api.trakt.tv/sync/watchlist/shows
2026-01-06 00:05:49.299 T:20752   error <general>: [AIOStreams] Trakt API error: 429 Client Error: Too Many Requests for url: https://api.trakt.tv/shows/181835/progress/watched
2026-01-06 00:05:49.340 T:14520    info <general>: Skipped 1 duplicate messages..
2026-01-06 00:05:49.340 T:14520   error <general>: [AIOStreams] Trakt API error: 429 Client Error: Too Many Requests for url: https://api.trakt.tv/shows/tt31289994/progress/watched
2026-01-06 00:05:49.371 T:20752   error <general>: [AIOStreams] Trakt API error: 429 Client Error: Too Many Requests for url: https://api.trakt.tv/shows/181835/progress/watched
2026-01-06 00:05:49.424 T:14520    info <general>: Skipped 1 duplicate messages..
2026-01-06 00:05:49.424 T:14520   error <general>: [AIOStreams] Trakt API error: 429 Client Error: Too Many Requests for url: https://api.trakt.tv/shows/tt31289994/progress/watched
2026-01-06 00:05:49.442 T:20752   error <general>: [AIOStreams] Trakt API error: 429 Client Error: Too Many Requests for url: https://api.trakt.tv/shows/181835/progress/watched
2026-01-06 00:05:49.501 T:14520    info <general>: Skipped 1 duplicate messages..
2026-01-06 00:05:49.501 T:14520   error <general>: [AIOStreams] Trakt API error: 429 Client Error: Too Many Requests for url: https://api.trakt.tv/sync/watchlist/shows
2026-01-06 00:05:49.510 T:20752   error <general>: [AIOStreams] Trakt API error: 429 Client Error: Too Many Requests for url: https://api.trakt.tv/shows/181835/progress/watched
2026-01-06 00:05:49.585 T:14520    info <general>: Skipped 3 duplicate messages..
2026-01-06 00:05:49.585 T:14520   error <general>: [AIOStreams] Trakt API error: 429 Client Error: Too Many Requests for url: https://api.trakt.tv/shows/tt36255074/progress/watched
2026-01-06 00:05:49.642 T:20752   error <general>: [AIOStreams] Trakt API error: 429 Client Error: Too Many Requests for url: https://api.trakt.tv/shows/181835/progress/watched
2026-01-06 00:05:49.666 T:14520    info <general>: Skipped 1 duplicate messages..
2026-01-06 00:05:49.666 T:14520   error <general>: [AIOStreams] Trakt API error: 429 Client Error: Too Many Requests for url: https://api.trakt.tv/shows/tt36255074/progress/watched
2026-01-06 00:05:49.698 T:20752   error <general>: [AIOStreams] Trakt API error: 429 Client Error: Too Many Requests for url: https://api.trakt.tv/shows/181835/progress/watched
2026-01-06 00:05:49.731 T:14520   error <general>: [AIOStreams] Trakt API error: 429 Client Error: Too Many Requests for url: https://api.trakt.tv/sync/watchlist/shows
2026-01-06 00:05:49.732 T:23248   error <general>: [AIOStreams] Trakt API error: 429 Client Error: Too Many Requests for url: https://api.trakt.tv/shows/181835/progress/watched
2026-01-06 00:05:49.797 T:14520    info <general>: Skipped 1 duplicate messages..
2026-01-06 00:05:49.797 T:14520   error <general>: [AIOStreams] Trakt API error: 429 Client Error: Too Many Requests for url: https://api.trakt.tv/shows/tt34385400/progress/watched
2026-01-06 00:05:49.802 T:23248   error <general>: [AIOStreams] Trakt API error: 429 Client Error: Too Many Requests for url: https://api.trakt.tv/shows/181835/progress/watched
2026-01-06 00:05:49.863 T:14520    info <general>: Skipped 1 duplicate messages..
2026-01-06 00:05:49.863 T:14520   error <general>: [AIOStreams] Trakt API error: 429 Client Error: Too Many Requests for url: https://api.trakt.tv/shows/tt34385400/progress/watched
2026-01-06 00:05:49.868 T:23248   error <general>: [AIOStreams] Trakt API error: 429 Client Error: Too Many Requests for url: https://api.trakt.tv/shows/181835/progress/watched
2026-01-06 00:05:49.931 T:14520    info <general>: Skipped 1 duplicate messages..
2026-01-06 00:05:49.931 T:14520   error <general>: [AIOStreams] Trakt API error: 429 Client Error: Too Many Requests for url: https://api.trakt.tv/sync/watchlist/shows
2026-01-06 00:05:49.941 T:23248   error <general>: [AIOStreams] Trakt API error: 429 Client Error: Too Many Requests for url: https://api.trakt.tv/shows/181835/progress/watched
2026-01-06 00:05:49.993 T:14520    info <general>: Skipped 1 duplicate messages..
2026-01-06 00:05:49.993 T:14520   error <general>: [AIOStreams] Trakt API error: 429 Client Error: Too Many Requests for url: https://api.trakt.tv/shows/tt32360916/progress/watched
2026-01-06 00:05:50.005 T:23248   error <general>: [AIOStreams] Trakt API error: 429 Client Error: Too Many Requests for url: https://api.trakt.tv/shows/181835/progress/watched
2026-01-06 00:05:50.072 T:14520    info <general>: Skipped 2 duplicate messages..
2026-01-06 00:05:50.072 T:14520   error <general>: [AIOStreams] Trakt API error: 429 Client Error: Too Many Requests for url: https://api.trakt.tv/shows/tt32360916/progress/watched
2026-01-06 00:05:50.121 T:23248   error <general>: [AIOStreams] Trakt API error: 429 Client Error: Too Many Requests for url: https://api.trakt.tv/shows/181835/progress/watched
2026-01-06 00:05:50.137 T:14520    info <general>: Skipped 1 duplicate messages..
2026-01-06 00:05:50.137 T:14520   error <general>: [AIOStreams] Trakt API error: 429 Client Error: Too Many Requests for url: https://api.trakt.tv/sync/watchlist/shows
2026-01-06 00:05:50.176 T:23248   error <general>: [AIOStreams] Trakt API error: 429 Client Error: Too Many Requests for url: https://api.trakt.tv/shows/181835/progress/watched
2026-01-06 00:05:52.026 T:18292    info <general>: Skipped 19 duplicate messages..
2026-01-06 00:05:52.026 T:18292   error <general>: [AIOStreams] Trakt API error: 429 Client Error: Too Many Requests for url: https://api.trakt.tv/shows/tt38783285/progress/watched
2026-01-06 00:05:52.072 T:23248   error <general>: [AIOStreams] Trakt API error: 429 Client Error: Too Many Requests for url: https://api.trakt.tv/shows/181835/progress/watched
2026-01-06 00:05:52.114 T:18292    info <general>: Skipped 1 duplicate messages..
2026-01-06 00:05:52.114 T:18292   error <general>: [AIOStreams] Trakt API error: 429 Client Error: Too Many Requests for url: https://api.trakt.tv/shows/tt38783285/progress/watched
2026-01-06 00:05:52.146 T:23248   error <general>: [AIOStreams] Trakt API error: 429 Client Error: Too Many Requests for url: https://api.trakt.tv/shows/181835/progress/watched
2026-01-06 00:05:52.179 T:18292    info <general>: Skipped 1 duplicate messages..
2026-01-06 00:05:52.179 T:18292   error <general>: [AIOStreams] Trakt API error: 429 Client Error: Too Many Requests for url: https://api.trakt.tv/sync/watchlist/shows
2026-01-06 00:05:52.208 T:20752   error <general>: [AIOStreams] Trakt API error: 429 Client Error: Too Many Requests for url: https://api.trakt.tv/shows/181835/progress/watched
2026-01-06 00:05:52.242 T:18292    info <general>: Skipped 1 duplicate messages..
2026-01-06 00:05:52.242 T:18292   error <general>: [AIOStreams] Trakt API error: 429 Client Error: Too Many Requests for url: https://api.trakt.tv/shows/tt36585483/progress/watched
2026-01-06 00:05:52.275 T:23248   error <general>: [AIOStreams] Trakt API error: 429 Client Error: Too Many Requests for url: https://api.trakt.tv/shows/181835/progress/watched
2026-01-06 00:05:52.320 T:18292    info <general>: Skipped 1 duplicate messages..
2026-01-06 00:05:52.320 T:18292   error <general>: [AIOStreams] Trakt API error: 429 Client Error: Too Many Requests for url: https://api.trakt.tv/shows/tt36585483/progress/watched
2026-01-06 00:05:52.343 T:23248   error <general>: [AIOStreams] Trakt API error: 429 Client Error: Too Many Requests for url: https://api.trakt.tv/shows/181835/progress/watched
2026-01-06 00:05:52.388 T:18292    info <general>: Skipped 1 duplicate messages..
2026-01-06 00:05:52.388 T:18292   error <general>: [AIOStreams] Trakt API error: 429 Client Error: Too Many Requests for url: https://api.trakt.tv/sync/watchlist/shows
2026-01-06 00:05:52.411 T:23248   error <general>: [AIOStreams] Trakt API error: 429 Client Error: Too Many Requests for url: https://api.trakt.tv/shows/181835/progress/watched
2026-01-06 00:05:52.470 T:18292    info <general>: Skipped 1 duplicate messages..
2026-01-06 00:05:52.470 T:18292   error <general>: [AIOStreams] Trakt API error: 429 Client Error: Too Many Requests for url: https://api.trakt.tv/shows/tt32510765/progress/watched
2026-01-06 00:05:52.472 T:23248   error <general>: [AIOStreams] Trakt API error: 429 Client Error: Too Many Requests for url: https://api.trakt.tv/shows/181835/progress/watched
2026-01-06 00:05:52.537 T:18292    info <general>: Skipped 1 duplicate messages..
2026-01-06 00:05:52.537 T:18292   error <general>: [AIOStreams] Trakt API error: 429 Client Error: Too Many Requests for url: https://api.trakt.tv/shows/tt32510765/progress/watched
2026-01-06 00:05:52.539 T:23248   error <general>: [AIOStreams] Trakt API error: 429 Client Error: Too Many Requests for url: https://api.trakt.tv/shows/181835/progress/watched
2026-01-06 00:05:52.606 T:18292    info <general>: Skipped 1 duplicate messages..
2026-01-06 00:05:52.606 T:18292   error <general>: [AIOStreams] Trakt API error: 429 Client Error: Too Many Requests for url: https://api.trakt.tv/sync/watchlist/shows
2026-01-06 00:05:52.608 T:23248   error <general>: [AIOStreams] Trakt API error: 429 Client Error: Too Many Requests for url: https://api.trakt.tv/shows/181835/progress/watched
2026-01-06 00:05:52.671 T:18292    info <general>: Skipped 1 duplicate messages..
2026-01-06 00:05:52.671 T:18292   error <general>: [AIOStreams] Trakt API error: 429 Client Error: Too Many Requests for url: https://api.trakt.tv/shows/tt32236037/progress/watched
2026-01-06 00:05:52.677 T:23248   error <general>: [AIOStreams] Trakt API error: 429 Client Error: Too Many Requests for url: https://api.trakt.tv/shows/181835/progress/watched
2026-01-06 00:05:52.742 T:18292    info <general>: Skipped 2 duplicate messages..
2026-01-06 00:05:52.742 T:18292   error <general>: [AIOStreams] Trakt API error: 429 Client Error: Too Many Requests for url: https://api.trakt.tv/shows/tt32236037/progress/watched
2026-01-06 00:05:52.761 T:20752   error <general>: [AIOStreams] Trakt API error: 429 Client Error: Too Many Requests for url: https://api.trakt.tv/shows/181835/progress/watched
2026-01-06 00:05:52.809 T:18292    info <general>: Skipped 1 duplicate messages..
2026-01-06 00:05:52.809 T:18292   error <general>: [AIOStreams] Trakt API error: 429 Client Error: Too Many Requests for url: https://api.trakt.tv/sync/watchlist/shows
2026-01-06 00:05:52.838 T:20752   error <general>: [AIOStreams] Trakt API error: 429 Client Error: Too Many Requests for url: https://api.trakt.tv/shows/181835/progress/watched
2026-01-06 00:05:52.876 T:18292    info <general>: Skipped 1 duplicate messages..
2026-01-06 00:05:52.876 T:18292   error <general>: [AIOStreams] Trakt API error: 429 Client Error: Too Many Requests for url: https://api.trakt.tv/shows/tt38876159/progress/watched
2026-01-06 00:05:52.908 T:20752   error <general>: [AIOStreams] Trakt API error: 429 Client Error: Too Many Requests for url: https://api.trakt.tv/shows/181835/progress/watched
2026-01-06 00:05:52.942 T:18292    info <general>: Skipped 1 duplicate messages..
2026-01-06 00:05:52.941 T:18292   error <general>: [AIOStreams] Trakt API error: 429 Client Error: Too Many Requests for url: https://api.trakt.tv/shows/tt38876159/progress/watched
2026-01-06 00:05:52.979 T:20752   error <general>: [AIOStreams] Trakt API error: 429 Client Error: Too Many Requests for url: https://api.trakt.tv/shows/181835/progress/watched
2026-01-06 00:05:53.005 T:18292    info <general>: Skipped 1 duplicate messages..
2026-01-06 00:05:53.005 T:18292   error <general>: [AIOStreams] Trakt API error: 429 Client Error: Too Many Requests for url: https://api.trakt.tv/sync/watchlist/shows
2026-01-06 00:05:53.038 T:20752   error <general>: [AIOStreams] Trakt API error: 429 Client Error: Too Many Requests for url: https://api.trakt.tv/shows/181835/progress/watched
2026-01-06 00:05:53.077 T:18292    info <general>: Skipped 1 duplicate messages..
2026-01-06 00:05:53.077 T:18292   error <general>: [AIOStreams] Trakt API error: 429 Client Error: Too Many Requests for url: https://api.trakt.tv/shows/tt38760152/progress/watched
2026-01-06 00:05:53.096 T:20752   error <general>: [AIOStreams] Trakt API error: 429 Client Error: Too Many Requests for url: https://api.trakt.tv/shows/181835/progress/watched
2026-01-06 00:05:53.150 T:18292    info <general>: Skipped 1 duplicate messages..
2026-01-06 00:05:53.150 T:18292   error <general>: [AIOStreams] Trakt API error: 429 Client Error: Too Many Requests for url: https://api.trakt.tv/shows/tt38760152/progress/watched
2026-01-06 00:05:53.166 T:20752   error <general>: [AIOStreams] Trakt API error: 429 Client Error: Too Many Requests for url: https://api.trakt.tv/shows/181835/progress/watched
2026-01-06 00:05:53.217 T:18292    info <general>: Skipped 1 duplicate messages..
2026-01-06 00:05:53.217 T:18292   error <general>: [AIOStreams] Trakt API error: 429 Client Error: Too Many Requests for url: https://api.trakt.tv/sync/watchlist/shows
2026-01-06 00:05:53.229 T:20752   error <general>: [AIOStreams] Trakt API error: 429 Client Error: Too Many Requests for url: https://api.trakt.tv/shows/181835/progress/watched
2026-01-06 00:05:53.272 T:18292    info <general>: Skipped 1 duplicate messages..
2026-01-06 00:05:53.272 T:18292   error <general>: [AIOStreams] Trakt API error: 429 Client Error: Too Many Requests for url: https://api.trakt.tv/shows/tt4335524/progress/watched
2026-01-06 00:05:53.297 T:20752   error <general>: [AIOStreams] Trakt API error: 429 Client Error: Too Many Requests for url: https://api.trakt.tv/shows/181835/progress/watched
2026-01-06 00:05:53.345 T:18292    info <general>: Skipped 1 duplicate messages..
2026-01-06 00:05:53.345 T:18292   error <general>: [AIOStreams] Trakt API error: 429 Client Error: Too Many Requests for url: https://api.trakt.tv/shows/tt4335524/progress/watched
2026-01-06 00:05:53.357 T:20752   error <general>: [AIOStreams] Trakt API error: 429 Client Error: Too Many Requests for url: https://api.trakt.tv/shows/181835/progress/watched
2026-01-06 00:05:53.400 T:18292    info <general>: Skipped 1 duplicate messages..
2026-01-06 00:05:53.400 T:18292   error <general>: [AIOStreams] Trakt API error: 429 Client Error: Too Many Requests for url: https://api.trakt.tv/sync/watchlist/shows
2026-01-06 00:05:53.423 T:20752   error <general>: [AIOStreams] Trakt API error: 429 Client Error: Too Many Requests for url: https://api.trakt.tv/shows/181835/progress/watched
2026-01-06 00:05:53.490 T:18292    info <general>: Skipped 2 duplicate messages..
2026-01-06 00:05:53.490 T:18292   error <general>: [AIOStreams] Trakt API error: 429 Client Error: Too Many Requests for url: https://api.trakt.tv/shows/tt33362589/progress/watched
2026-01-06 00:05:53.520 T:23248   error <general>: [AIOStreams] Trakt API error: 429 Client Error: Too Many Requests for url: https://api.trakt.tv/shows/181835/progress/watched
2026-01-06 00:05:53.561 T:18292    info <general>: Skipped 1 duplicate messages..
2026-01-06 00:05:53.561 T:18292   error <general>: [AIOStreams] Trakt API error: 429 Client Error: Too Many Requests for url: https://api.trakt.tv/shows/tt33362589/progress/watched
2026-01-06 00:05:53.587 T:23248   error <general>: [AIOStreams] Trakt API error: 429 Client Error: Too Many Requests for url: https://api.trakt.tv/shows/181835/progress/watched
2026-01-06 00:05:53.634 T:18292    info <general>: Skipped 1 duplicate messages..
2026-01-06 00:05:53.634 T:18292   error <general>: [AIOStreams] Trakt API error: 429 Client Error: Too Many Requests for url: https://api.trakt.tv/sync/watchlist/shows
2026-01-06 00:05:53.655 T:23248   error <general>: [AIOStreams] Trakt API error: 429 Client Error: Too Many Requests for url: https://api.trakt.tv/shows/181835/progress/watched
2026-01-06 00:05:53.706 T:18292    info <general>: Skipped 1 duplicate messages..
2026-01-06 00:05:53.706 T:18292   error <general>: [AIOStreams] Trakt API error: 429 Client Error: Too Many Requests for url: https://api.trakt.tv/shows/tt19244304/progress/watched
2026-01-06 00:05:53.720 T:23248   error <general>: [AIOStreams] Trakt API error: 429 Client Error: Too Many Requests for url: https://api.trakt.tv/shows/181835/progress/watched
2026-01-06 00:05:53.798 T:18292    info <general>: Skipped 2 duplicate messages..
2026-01-06 00:05:53.797 T:18292   error <general>: [AIOStreams] Trakt API error: 429 Client Error: Too Many Requests for url: https://api.trakt.tv/shows/tt19244304/progress/watched
2026-01-06 00:05:53.818 T:20752   error <general>: [AIOStreams] Trakt API error: 429 Client Error: Too Many Requests for url: https://api.trakt.tv/shows/181835/progress/watched
2026-01-06 00:05:53.871 T:18292    info <general>: Skipped 1 duplicate messages..
2026-01-06 00:05:53.871 T:18292   error <general>: [AIOStreams] Trakt API error: 429 Client Error: Too Many Requests for url: https://api.trakt.tv/sync/watchlist/shows
2026-01-06 00:05:53.886 T:20752   error <general>: [AIOStreams] Trakt API error: 429 Client Error: Too Many Requests for url: https://api.trakt.tv/shows/181835/progress/watched
2026-01-06 00:05:53.955 T:18292    info <general>: Skipped 2 duplicate messages..
2026-01-06 00:05:53.955 T:18292   error <general>: [AIOStreams] Trakt API error: 429 Client Error: Too Many Requests for url: https://api.trakt.tv/shows/tt38838860/progress/watched
2026-01-06 00:05:53.983 T:23248   error <general>: [AIOStreams] Trakt API error: 429 Client Error: Too Many Requests for url: https://api.trakt.tv/shows/181835/progress/watched
2026-01-06 00:05:54.023 T:18292    info <general>: Skipped 1 duplicate messages..
2026-01-06 00:05:54.023 T:18292   error <general>: [AIOStreams] Trakt API error: 429 Client Error: Too Many Requests for url: https://api.trakt.tv/shows/tt38838860/progress/watched
2026-01-06 00:05:54.053 T:23248   error <general>: [AIOStreams] Trakt API error: 429 Client Error: Too Many Requests for url: https://api.trakt.tv/shows/181835/progress/watched
2026-01-06 00:05:54.078 T:18292    info <general>: Skipped 1 duplicate messages..
2026-01-06 00:05:54.078 T:18292   error <general>: [AIOStreams] Trakt API error: 429 Client Error: Too Many Requests for url: https://api.trakt.tv/sync/watchlist/shows
2026-01-06 00:05:54.110 T:23248   error <general>: [AIOStreams] Trakt API error: 429 Client Error: Too Many Requests for url: https://api.trakt.tv/shows/181835/progress/watched
2026-01-06 00:05:54.149 T:18292    info <general>: Skipped 1 duplicate messages..
2026-01-06 00:05:54.149 T:18292   error <general>: [AIOStreams] Trakt API error: 429 Client Error: Too Many Requests for url: https://api.trakt.tv/shows/tt38066553/progress/watched
2026-01-06 00:05:54.162 T:23248   error <general>: [AIOStreams] Trakt API error: 429 Client Error: Too Many Requests for url: https://api.trakt.tv/shows/181835/progress/watched
2026-01-06 00:05:54.233 T:18292    info <general>: Skipped 2 duplicate messages..
2026-01-06 00:05:54.233 T:18292   error <general>: [AIOStreams] Trakt API error: 429 Client Error: Too Many Requests for url: https://api.trakt.tv/shows/tt38066553/progress/watched
2026-01-06 00:05:54.249 T:20752   error <general>: [AIOStreams] Trakt API error: 429 Client Error: Too Many Requests for url: https://api.trakt.tv/shows/181835/progress/watched
2026-01-06 00:05:54.296 T:18292    info <general>: Skipped 1 duplicate messages..
2026-01-06 00:05:54.296 T:18292   error <general>: [AIOStreams] Trakt API error: 429 Client Error: Too Many Requests for url: https://api.trakt.tv/sync/watchlist/shows
2026-01-06 00:05:54.314 T:20752   error <general>: [AIOStreams] Trakt API error: 429 Client Error: Too Many Requests for url: https://api.trakt.tv/shows/181835/progress/watched
2026-01-06 00:05:54.392 T:18292    info <general>: Skipped 2 duplicate messages..
2026-01-06 00:05:54.392 T:18292   error <general>: [AIOStreams] Trakt API error: 429 Client Error: Too Many Requests for url: https://api.trakt.tv/shows/tt31987295/progress/watched
2026-01-06 00:05:54.420 T:23248   error <general>: [AIOStreams] Trakt API error: 429 Client Error: Too Many Requests for url: https://api.trakt.tv/shows/181835/progress/watched
2026-01-06 00:05:54.482 T:18292    info <general>: Skipped 1 duplicate messages..
2026-01-06 00:05:54.482 T:18292   error <general>: [AIOStreams] Trakt API error: 429 Client Error: Too Many Requests for url: https://api.trakt.tv/shows/tt31987295/progress/watched
2026-01-06 00:05:54.489 T:23248   error <general>: [AIOStreams] Trakt API error: 429 Client Error: Too Many Requests for url: https://api.trakt.tv/shows/181835/progress/watched
2026-01-06 00:05:54.547 T:18292    info <general>: Skipped 1 duplicate messages..
2026-01-06 00:05:54.547 T:18292   error <general>: [AIOStreams] Trakt API error: 429 Client Error: Too Many Requests for url: https://api.trakt.tv/sync/watchlist/shows
2026-01-06 00:05:54.554 T:23248   error <general>: [AIOStreams] Trakt API error: 429 Client Error: Too Many Requests for url: https://api.trakt.tv/shows/181835/progress/watched
2026-01-06 00:05:54.607 T:18292    info <general>: Skipped 1 duplicate messages..
2026-01-06 00:05:54.607 T:18292   error <general>: [AIOStreams] Trakt API error: 429 Client Error: Too Many Requests for url: https://api.trakt.tv/shows/tt38754600/progress/watched
2026-01-06 00:05:54.626 T:23248   error <general>: [AIOStreams] Trakt API error: 429 Client Error: Too Many Requests for url: https://api.trakt.tv/shows/181835/progress/watched
2026-01-06 00:05:54.691 T:18292    info <general>: Skipped 1 duplicate messages..
2026-01-06 00:05:54.691 T:18292   error <general>: [AIOStreams] Trakt API error: 429 Client Error: Too Many Requests for url: https://api.trakt.tv/shows/tt38754600/progress/watched
2026-01-06 00:05:54.700 T:23248   error <general>: [AIOStreams] Trakt API error: 429 Client Error: Too Many Requests for url: https://api.trakt.tv/shows/181835/progress/watched
2026-01-06 00:05:54.756 T:18292    info <general>: Skipped 1 duplicate messages..
2026-01-06 00:05:54.756 T:18292   error <general>: [AIOStreams] Trakt API error: 429 Client Error: Too Many Requests for url: https://api.trakt.tv/sync/watchlist/shows
2026-01-06 00:05:54.763 T:23248   error <general>: [AIOStreams] Trakt API error: 429 Client Error: Too Many Requests for url: https://api.trakt.tv/shows/181835/progress/watched
2026-01-06 00:05:54.832 T:18292    info <general>: Skipped 2 duplicate messages..
2026-01-06 00:05:54.832 T:18292   error <general>: [AIOStreams] Trakt API error: 429 Client Error: Too Many Requests for url: https://api.trakt.tv/shows/tt36956617/progress/watched
2026-01-06 00:05:54.862 T:20752   error <general>: [AIOStreams] Trakt API error: 429 Client Error: Too Many Requests for url: https://api.trakt.tv/shows/181835/progress/watched
2026-01-06 00:05:54.917 T:18292    info <general>: Skipped 1 duplicate messages..
2026-01-06 00:05:54.917 T:18292   error <general>: [AIOStreams] Trakt API error: 429 Client Error: Too Many Requests for url: https://api.trakt.tv/shows/tt36956617/progress/watched
2026-01-06 00:05:54.926 T:20752   error <general>: [AIOStreams] Trakt API error: 429 Client Error: Too Many Requests for url: https://api.trakt.tv/shows/181835/progress/watched
2026-01-06 00:05:54.982 T:18292    info <general>: Skipped 2 duplicate messages..
2026-01-06 00:05:54.982 T:18292   error <general>: [AIOStreams] Trakt API error: 429 Client Error: Too Many Requests for url: https://api.trakt.tv/sync/watchlist/shows
2026-01-06 00:05:55.027 T:23248   error <general>: [AIOStreams] Trakt API error: 429 Client Error: Too Many Requests for url: https://api.trakt.tv/shows/181835/progress/watched
2026-01-06 00:05:55.081 T:18292    info <general>: Skipped 1 duplicate messages..
2026-01-06 00:05:55.081 T:18292   error <general>: [AIOStreams] Trakt API error: 429 Client Error: Too Many Requests for url: https://api.trakt.tv/shows/tt18953896/progress/watched
2026-01-06 00:05:55.097 T:23248   error <general>: [AIOStreams] Trakt API error: 429 Client Error: Too Many Requests for url: https://api.trakt.tv/shows/181835/progress/watched
2026-01-06 00:05:55.152 T:18292    info <general>: Skipped 1 duplicate messages..
2026-01-06 00:05:55.152 T:18292   error <general>: [AIOStreams] Trakt API error: 429 Client Error: Too Many Requests for url: https://api.trakt.tv/shows/tt18953896/progress/watched
2026-01-06 00:05:55.157 T:23248   error <general>: [AIOStreams] Trakt API error: 429 Client Error: Too Many Requests for url: https://api.trakt.tv/shows/181835/progress/watched
2026-01-06 00:05:55.217 T:18292    info <general>: Skipped 1 duplicate messages..
2026-01-06 00:05:55.217 T:18292   error <general>: [AIOStreams] Trakt API error: 429 Client Error: Too Many Requests for url: https://api.trakt.tv/sync/watchlist/shows
2026-01-06 00:05:55.221 T:23248   error <general>: [AIOStreams] Trakt API error: 429 Client Error: Too Many Requests for url: https://api.trakt.tv/shows/181835/progress/watched
2026-01-06 00:05:55.285 T:18292    info <general>: Skipped 2 duplicate messages..
2026-01-06 00:05:55.285 T:18292   error <general>: [AIOStreams] Trakt API error: 429 Client Error: Too Many Requests for url: https://api.trakt.tv/shows/tt38348167/progress/watched
2026-01-06 00:05:55.297 T:20752   error <general>: [AIOStreams] Trakt API error: 429 Client Error: Too Many Requests for url: https://api.trakt.tv/shows/181835/progress/watched
2026-01-06 00:05:55.366 T:18292    info <general>: Skipped 2 duplicate messages..
2026-01-06 00:05:55.366 T:18292   error <general>: [AIOStreams] Trakt API error: 429 Client Error: Too Many Requests for url: https://api.trakt.tv/shows/tt38348167/progress/watched
2026-01-06 00:05:55.413 T:20752   error <general>: [AIOStreams] Trakt API error: 429 Client Error: Too Many Requests for url: https://api.trakt.tv/shows/181835/progress/watched
2026-01-06 00:05:55.432 T:18292    info <general>: Skipped 1 duplicate messages..
2026-01-06 00:05:55.432 T:18292   error <general>: [AIOStreams] Trakt API error: 429 Client Error: Too Many Requests for url: https://api.trakt.tv/sync/watchlist/shows
2026-01-06 00:05:55.474 T:20752   error <general>: [AIOStreams] Trakt API error: 429 Client Error: Too Many Requests for url: https://api.trakt.tv/shows/181835/progress/watched
2026-01-06 00:05:55.509 T:18292    info <general>: Skipped 1 duplicate messages..
2026-01-06 00:05:55.509 T:18292   error <general>: [AIOStreams] Trakt API error: 429 Client Error: Too Many Requests for url: https://api.trakt.tv/shows/tt38551559/progress/watched
2026-01-06 00:05:55.527 T:20752   error <general>: [AIOStreams] Trakt API error: 429 Client Error: Too Many Requests for url: https://api.trakt.tv/shows/181835/progress/watched
2026-01-06 00:05:55.609 T:18292    info <general>: Skipped 2 duplicate messages..
2026-01-06 00:05:55.609 T:18292   error <general>: [AIOStreams] Trakt API error: 429 Client Error: Too Many Requests for url: https://api.trakt.tv/shows/tt38551559/progress/watched
2026-01-06 00:05:55.621 T:23248   error <general>: [AIOStreams] Trakt API error: 429 Client Error: Too Many Requests for url: https://api.trakt.tv/shows/181835/progress/watched
2026-01-06 00:05:55.676 T:18292    info <general>: Skipped 1 duplicate messages..
2026-01-06 00:05:55.676 T:18292   error <general>: [AIOStreams] Trakt API error: 429 Client Error: Too Many Requests for url: https://api.trakt.tv/sync/watchlist/shows
2026-01-06 00:05:55.692 T:23248   error <general>: [AIOStreams] Trakt API error: 429 Client Error: Too Many Requests for url: https://api.trakt.tv/shows/181835/progress/watched
2026-01-06 00:05:55.750 T:18292    info <general>: Skipped 1 duplicate messages..
2026-01-06 00:05:55.750 T:18292   error <general>: [AIOStreams] Trakt API error: 429 Client Error: Too Many Requests for url: https://api.trakt.tv/shows/tt38064377/progress/watched
2026-01-06 00:05:55.758 T:23248   error <general>: [AIOStreams] Trakt API error: 429 Client Error: Too Many Requests for url: https://api.trakt.tv/shows/181835/progress/watched
2026-01-06 00:05:55.827 T:18292    info <general>: Skipped 2 duplicate messages..
2026-01-06 00:05:55.827 T:18292   error <general>: [AIOStreams] Trakt API error: 429 Client Error: Too Many Requests for url: https://api.trakt.tv/shows/tt38064377/progress/watched
2026-01-06 00:05:55.851 T:20752   error <general>: [AIOStreams] Trakt API error: 429 Client Error: Too Many Requests for url: https://api.trakt.tv/shows/181835/progress/watched
2026-01-06 00:05:55.894 T:18292   error <general>: [AIOStreams] Trakt API error: 429 Client Error: Too Many Requests for url: https://api.trakt.tv/sync/watchlist/shows
2026-01-06 00:05:55.898 T:23248   error <general>: [AIOStreams] Trakt API error: 429 Client Error: Too Many Requests for url: https://api.trakt.tv/shows/181835/progress/watched
2026-01-06 00:05:55.951 T:18292    info <general>: Skipped 1 duplicate messages..
2026-01-06 00:05:55.951 T:18292   error <general>: [AIOStreams] Trakt API error: 429 Client Error: Too Many Requests for url: https://api.trakt.tv/shows/tt36584526/progress/watched
2026-01-06 00:05:55.960 T:23248   error <general>: [AIOStreams] Trakt API error: 429 Client Error: Too Many Requests for url: https://api.trakt.tv/shows/181835/progress/watched
2026-01-06 00:05:56.014 T:18292    info <general>: Skipped 1 duplicate messages..
2026-01-06 00:05:56.014 T:18292   error <general>: [AIOStreams] Trakt API error: 429 Client Error: Too Many Requests for url: https://api.trakt.tv/shows/tt36584526/progress/watched
2026-01-06 00:05:56.027 T:20752   error <general>: [AIOStreams] Trakt API error: 429 Client Error: Too Many Requests for url: https://api.trakt.tv/shows/181835/progress/watched

